NNNNNNNN | 48d237  N | N  correct    0
NNNNNNNN | 48d244  N | N  correct    0
NNNNNNNN | 48be4b  T | N  incorrect  1
NNNnNNNN | 48bec6  N | N  correct    1
NNNnNNNN | 48bed2  T | N  incorrect  2
NNnnNNNN | 48c402  T | N  incorrect  3
NNtnNNNN | 48bf2d  T | N  incorrect  4
NNtnNnNN | 48ca60  T | N  incorrect  5
nNtnNnNN | 48bfe8  T | N  incorrect  6
tNtnNnNN | 48c0ec  T | N  incorrect  7
tNtnnnNN | 48ca4b  T | N  incorrect  8
tNttnnNN | 48c140  T | T  correct    8
TNttnnNN | 48c3ad  T | N  incorrect  9
TNttntNN | 48c2fe  T | N  incorrect  10
TNttntnN | 48c319  T | N  incorrect  11
TnttntnN | 48c30c  T | N  incorrect  12
TnttttnN | 48d22f  T | N  incorrect  13
Tnttttnn | 48d25a  T | T  correct    13
TnTtttnn | 48daa8  T | T  correct    13
TnTtttnn | 48d26a  N | T  incorrect  14
Tnttttnn | 48d2ab  N | T  incorrect  15
Tntnttnn | 48d2b5  N | T  incorrect  16
Tntntnnn | 48d2bd  T | N  incorrect  17
Tntnttnn | 48d333  N | N  correct    17
TntNttnn | 48d349  T | N  incorrect  18
TttNttnn | 48d50f  T | N  incorrect  19
TttNttnt | 48d39e  T | N  incorrect  20
TttNtttt | 48d4f2  T | T  correct    20
TtTNtttt | 48d29b  T | N  incorrect  21
TtTntttt | 48d705  N | T  incorrect  22
TtTntntt | 48d70e  N | T  incorrect  23
TtTntnnt | 48d715  T | N  incorrect  24
TtTnttnt | 48d6ff  T | T  correct    24
TtTnttnT | 48d791  N | T  incorrect  25
TnTnttnT | 48d7a5  T | T  correct    25
TnTntTnT | 48d75d  N | T  incorrect  26
TnTnttnT | 48d767  T | T  correct    26
TnTnttnT | 48d7e0  N | T  incorrect  27
tnTnttnT | 48d7eb  N | N  correct    27
tnTNttnT | 48d7f5  T | T  correct    27
tnTNtTnT | 48d809  T | N  incorrect  28
ttTNtTnT | 489358  T | T  correct    28
TtTNtTnT | 489469  T | T  correct    28
TTTNtTnT | 489af2  T | T  correct    28
TTTNtTnT | 489520  T | T  correct    28
TTTNtTnT | 489615  N | T  incorrect  29
TTTNttnT | 489622  T | T  correct    29
TTTNttnT | 489644  T | T  correct    29
TTTNTtnT | 489637  N | T  incorrect  30
TTTNTtnt | 489644  N | T  incorrect  31
TTTNttnt | 48964d  N | T  incorrect  32
TTTNtnnt | 489658  N | T  incorrect  33
tTTNtnnt | 48967d  N | N  correct    33
tTTNtNnt | 489682  N | T  incorrect  34
tTtNtNnt | 489729  N | T  incorrect  35
tttNtNnt | 489735  N | N  correct    35
tttNtNnt | 48975a  T | T  correct    35
ttTNtNnt | 489770  N | T  incorrect  36
ntTNtNnt | 48978e  T | N  incorrect  37
ntTNtNtt | 4897c4  T | T  correct    37
ntTNTNtt | 489d81  N | T  incorrect  38
nnTNTNtt | 489da9  N | N  correct    38
nNTNTNtt | 489db7  T | T  correct    38
nNTNTNtT | 489c5b  T | N  incorrect  39
nNTnTNtT | 489c9b  T | N  incorrect  40
nNTtTNtT | 48dfc8  N | N  correct    40
NNTtTNtT | 488025  N | N  correct    40
NNTtTNtT | 488030  T | N  incorrect  41
nNTtTNtT | 48804b  T | T  correct    41
nNTTTNtT | 48835e  T | T  correct    41
nNTTTNTT | 48809a  T | T  correct    41
nNTTTNTT | 48dfdc  N | T  incorrect  42
nNTTtNTT | 48dfea  N | T  incorrect  43
nNtTtNTT | 48dff6  T | T  correct    43
nNtTtNTT | 48f07a  T | T  correct    43
nNTTtNTT | 48d81e  T | T  correct    43
nNTTtNTT | 482bce  T | T  correct    43
nNTTtNTT | 482f7b  T | T  correct    43
nNTTtNTT | 4834f8  T | N  incorrect  44
tNTTtNTT | 482fcb  N | T  incorrect  45
tNTttNTT | 482fd6  N | T  incorrect  46
tNTttNtT | 482fdf  T | T  correct    46
tNTttNtT | 482bde  N | T  incorrect  47
tNTttNnT | 482c03  T | T  correct    47
tNTTtNnT | 47f71d  N | N  correct    47
tNTTtNnT | 47f723  T | T  correct    47
tNTTtNnT | 447a07  T | T  correct    47
tNTTtNnT | 447a53  N | T  incorrect  48
tNTttNnT | 447a96  T | N  incorrect  49
tNTttNtT | 63ddd9  N | N  correct    49
tNTttNtT | 63dde7  N | T  incorrect  50
tNTttNtt | 63ddf8  N | T  incorrect  51
nNTttNtt | 63de13  N | T  incorrect  52
nNTntNtt | 63de47  N | T  incorrect  53
nNTntNtn | 63de4b  N | N  correct    53
nNTNtNtn | 63de53  N | N  correct    53
nNTNtNtn | 63de6b  T | N  incorrect  54
nNTntNtn | 63de47  N | N  correct    54
nNTntNtN | 63de4b  N | N  correct    54
nNTNtNtN | 63de53  N | N  correct    54
nNTNtNtN | 63de6b  N | N  correct    54
nNTNtNtN | 47f618  N | N  correct    54
NNTNtNtN | 47f62c  N | T  incorrect  55
NNTNnNtN | 47f64b  N | N  correct    55
NNTNnNtN | 47f664  N | N  correct    55
NNTNNNtN | 47f669  N | N  correct    55
NNTNNNtN | 47f66e  N | T  incorrect  56
NNTNNNnN | 47f673  N | N  correct    56
NNTNNNnN | 47f67b  N | N  correct    56
NNTNNNnN | 47f685  T | N  incorrect  57
NNTNNnnN | 47f6a9  T | N  incorrect  58
NnTNNnnN | 47f6bd  T | N  incorrect  59
NnTNNtnN | 47f62c  T | N  incorrect  60
NnTNntnN | 47f6bd  N | T  incorrect  61
NnTNnnnN | 47f6c9  N | N  correct    61
NNTNnnnN | 446bd6  N | N  correct    61
NNTNnnNN | 446bf0  N | N  correct    61
NNTNnnNN | 47f6d9  T | N  incorrect  62
NnTNnnNN | 482c78  T | N  incorrect  63
nnTNnnNN | 482e39  N | N  correct    63
nNTNnnNN | 482e43  N | N  correct    63
nNTNnnNN | 482e50  N | N  correct    63
NNTNnnNN | 482e60  N | N  correct    63
NNTNnnNN | 482e6a  N | T  incorrect  64
NNtNnnNN | 482e75  N | N  correct    64
NNtNnNNN | 482e88  N | N  correct    64
NNtNnNNN | 482e98  N | N  correct    64
NNtNnNNN | 482ea8  N | N  correct    64
NNtNnNNN | 482eb8  N | N  correct    64
NNtNnNNN | 482ec8  N | N  correct    64
NNtNnNNN | 482ed8  N | N  correct    64
NNtNnNNN | 482ee2  N | T  incorrect  65
NNnNnNNN | 482c8a  N | N  correct    65
NNNNnNNN | 482c9b  N | N  correct    65
NNNNnNNN | 482cb9  T | N  incorrect  66
NnNNnNNN | 482cd1  N | N  correct    66
NNNNnNNN | 482cda  N | N  correct    66
NNNNnNNN | 482ce6  N | N  correct    66
NNNNnNNN | 482cf0  T | N  incorrect  67
nNNNnNNN | 4834c0  N | N  correct    67
NNNNnNNN | 482cfe  N | N  correct    67
NNNNnNNN | 482d0b  N | N  correct    67
NNNNnNNN | 482d17  N | N  correct    67
NNNNnNNN | 482d32  N | N  correct    67
NNNNnNNN | 482d40  T | N  incorrect  68
nNNNnNNN | 482d4c  T | N  incorrect  69
nNNNtNNN | 482d58  N | N  correct    69
NNNNtNNN | 482d60  T | N  incorrect  70
nNNNtNNN | 482d84  T | T  correct    70
nNNNTNNN | 482d99  N | N  correct    70
nNNNTNNN | 482da4  T | T  correct    70
nNNNTNNN | 48345c  T | T  correct    70
nNNNTNNN | 482e07  N | N  correct    70
nNNNTNNN | 482e12  T | N  incorrect  71
nNnNTNNN | 48317f  T | N  incorrect  72
nNnNTNNn | 4836cc  T | T  correct    72
nNnNTNNn | 4831e7  N | N  correct    72
