NNNNNNNNNNNNNNNN  NNN | 48d237  N | N  correct    0
NNNNNNNNNNNNNNNN  NNN | 48d244  N | N  correct    0
NNNNNNNNNNNNNNNN  NNN | 48be4b  T | N  incorrect  1
NNNNNNNNNNNnNNNN  NNT | 48bec6  N | N  correct    1
NNNNNNNNNNNnNNNN  NTN | 48bed2  T | N  incorrect  2
nNNNNNNNNNNnNNNN  TNT | 48c402  T | N  incorrect  3
nNNNNNNnNNNnNNNN  NTT | 48bf2d  T | N  incorrect  4
nNNNNNNnNNNnNNnN  TTT | 48ca60  T | N  incorrect  5
nNNNNNNtNNNnNNnN  TTT | 48bfe8  T | N  incorrect  6
nNNNNNNtNNNnNNnn  TTT | 48c0ec  T | N  incorrect  7
nNNNNNNtNNNtNNnn  TTT | 48ca4b  T | N  incorrect  8
nNNNNNNtNNNtnNnn  TTT | 48c140  T | T  correct    8
nNNNNNNTNNNtnNnn  TTT | 48c3ad  T | N  incorrect  9
nNNNNNNTNNntnNnn  TTT | 48c2fe  T | N  incorrect  10
nNNNNNNTNnntnNnn  TTT | 48c319  T | N  incorrect  11
nNNNNNNTNnntnNtn  TTT | 48c30c  T | T  correct    11
nNNNNNNTNnnTnNtn  TTT | 48d22f  T | N  incorrect  12
nNNNNNNTnnnTnNtn  TTT | 48d25a  T | N  incorrect  13
nNNNNNNTnnnTnntn  TTT | 48daa8  T | N  incorrect  14
nNNNNNNTnnnTnntt  TTT | 48d26a  N | N  correct    14
nNNNNNNTnnnTnNtt  TTN | 48d2ab  N | N  correct    14
nNNNNNNTnnnTnNtt  TNN | 48d2b5  N | N  correct    14
nNNNNNNTnnnTnNtt  NNN | 48d2bd  T | N  incorrect  15
nNNNNNNTnnnTnntt  NNT | 48d333  N | N  correct    15
nNNNNNNTnnnTnntt  NTN | 48d349  T | T  correct    15
nNNNNNNTnnnTnntt  TNT | 48d50f  T | N  incorrect  16
nNNNNNNTnntTnntt  NTT | 48d39e  T | N  incorrect  17
nNNNNNNTnntTnttt  TTT | 48d4f2  T | N  incorrect  18
nNNNNnNTnntTnttt  TTT | 48d29b  T | N  incorrect  19
nNNNNnNTnntTtttt  TTT | 48d705  N | N  correct    19
nNNNNnNTnntTtttt  TTN | 48d70e  N | N  correct    19
nNNNNnNTNntTtttt  TNN | 48d715  T | N  incorrect  20
nnNNNnNTNntTtttt  NNT | 48d6ff  T | T  correct    20
nnNNNnNTNntTttTt  NTT | 48d791  N | N  correct    20
nnNNNnNTNntTttTt  TTN | 48d7a5  T | N  incorrect  21
nnNnNnNTNntTttTt  TNT | 48d75d  N | N  correct    21
nnNnNnNTNntTttTt  NTN | 48d767  T | N  incorrect  22
nnNnNtNTNntTttTt  TNT | 48d7e0  N | T  incorrect  23
nnNnNnNTNntTttTt  NTN | 48d7eb  N | N  correct    23
nnNnNnNTNNtTttTt  TNN | 48d7f5  T | N  incorrect  24
ntNnNnNTNNtTttTt  NNT | 48d809  T | N  incorrect  25
ntNnNnNTnNtTttTt  NTT | 489358  T | T  correct    25
ntNnNnNTnNtTttTt  TTT | 489469  T | T  correct    25
ntNnNnNTnNtTttTt  TTT | 489af2  T | N  incorrect  26
ntNnNtNTnNtTttTt  TTT | 489520  T | T  correct    26
ntNnNtNTnNtTttTt  TTT | 489615  N | N  correct    26
ntNnNtNTnNtTttTt  TTN | 489622  T | N  incorrect  27
ntNnntNTnNtTttTt  TNT | 489644  T | T  correct    27
nTNnntNTnNtTttTt  NTT | 489637  N | N  correct    27
nTNnNtNTnNtTttTt  TTN | 489644  N | N  correct    27
nTNnNtNTnNtTttTt  TNN | 48964d  N | N  correct    27
nTNnNtNTnNtTttTt  NNN | 489658  N | N  correct    27
nTNnNtNTNNtTttTt  NNN | 48967d  N | T  incorrect  28
nTNnNtNTNNtTtnTt  NNN | 489682  N | N  correct    28
nTNnNtNTNNtTtnTt  NNN | 489729  N | N  correct    28
nTNnNtNTNNtTtnTt  NNN | 489735  N | T  incorrect  29
nTNnNnNTNNtTtnTt  NNN | 48975a  T | T  correct    29
nTNnNnNTNNTTtnTt  NNT | 489770  N | T  incorrect  30
ntNnNnNTNNTTtnTt  NTN | 48978e  T | T  correct    30
ntNnNnNTNNTTTnTt  TNT | 4897c4  T | T  correct    30
nTNnNnNTNNTTTnTt  NTT | 489d81  N | N  correct    30
nTNnNnNTNNTTTnTt  TTN | 489da9  N | T  incorrect  31
nTNnNnNTNNTTTnTn  TNN | 489db7  T | N  incorrect  32
nTNtNnNTNNTTTnTn  NNT | 489c5b  T | T  correct    32
nTNtNnNTNNTTTnTn  NTT | 489c9b  T | N  incorrect  33
nTNtNnNTnNTTTnTn  TTT | 48dfc8  N | N  correct    33
nTNtNnNTnNTTTnTN  TTN | 488025  N | T  incorrect  34
nTNnNnNTnNTTTnTN  TNN | 488030  T | N  incorrect  35
nTNnnnNTnNTTTnTN  NNT | 48804b  T | T  correct    35
nTNnnnNTnNTTTnTN  NTT | 48835e  T | N  incorrect  36
nTNnnnNTnNTTTtTN  TTT | 48809a  T | T  correct    36
nTNnnnNTnNTTTTTN  TTT | 48dfdc  N | T  incorrect  37
nTNnnnNTnNTtTTTN  TTN | 48dfea  N | T  incorrect  38
nTNnnnNTnNTttTTN  TNN | 48dff6  T | N  incorrect  39
nTnnnnNTnNTttTTN  NNT | 48f07a  T | T  correct    39
nTnnnnNTnNTTtTTN  NTT | 48d81e  T | T  correct    39
nTnnnnNTnNTTtTTN  TTT | 482bce  T | N  incorrect  40
nTnnnnNTnnTTtTTN  TTT | 482f7b  T | T  correct    40
nTnnnnNTnnTTTTTN  TTT | 4834f8  T | N  incorrect  41
nTnnnnNTnnTTTTTn  TTT | 482fcb  N | T  incorrect  42
nTnnnnNTnnTTtTTn  TTN | 482fd6  N | N  correct    42
NTnnnnNTnnTTtTTn  TNN | 482fdf  T | T  correct    42
NTnnnnNTnnTTtTTn  NNT | 482bde  N | N  correct    42
NTnnnnNTnnTTtTTN  NTN | 482c03  T | T  correct    42
NTnnnnNTnnTTtTTN  TNT | 47f71d  N | N  correct    42
NTnnnnNTNnTTtTTN  NTN | 47f723  T | T  correct    42
NTnnnnNTNnTTtTTN  TNT | 447a07  T | N  incorrect  43
NTtnnnNTNnTTtTTN  NTT | 447a53  N | N  correct    43
NTtnnnNTNnTTtTTN  TTN | 447a96  T | N  incorrect  44
nTtnnnNTNnTTtTTN  TNT | 63ddd9  N | T  incorrect  45
nTtnnnNTNnTTnTTN  NTN | 63dde7  N | N  correct    45
nTtnnNNTNnTTnTTN  TNN | 63ddf8  N | N  correct    45
nTtnnNNTNnTTNTTN  NNN | 63de13  N | N  correct    45
nTtNnNNTNnTTNTTN  NNN | 63de47  N | T  incorrect  46
nTtNnNNtNnTTNTTN  NNN | 63de4b  N | T  incorrect  47
nTtNnNNtNnTtNTTN  NNN | 63de53  N | N  correct    47
nTtNnNNtNnTtNTTN  NNN | 63de6b  T | T  correct    47
nTtNnNNtNnTTNTTN  NNT | 63de47  N | N  correct    47
nTtNnNNtNnTTNTTN  NTN | 63de4b  N | N  correct    47
nTtNnNNtNNTTNTTN  TNN | 63de53  N | T  incorrect  48
nTtNnNNnNNTTNTTN  NNN | 63de6b  N | T  incorrect  49
nTtNnNNnNNTtNTTN  NNN | 47f618  N | N  correct    49
nTtNnNNnNNTtNTTN  NNN | 47f62c  N | N  correct    49
nTtNnNNnNNTtNTTN  NNN | 47f64b  N | T  incorrect  50
nTtNnNNnNNTnNTTN  NNN | 47f664  N | N  correct    50
nTtNNNNnNNTnNTTN  NNN | 47f669  N | N  correct    50
nTtNNNNnNNTnNTTN  NNN | 47f66e  N | T  incorrect  51
nTtNNNNnNNTnNTtN  NNN | 47f673  N | N  correct    51
nTtNNNNnNNTnNTtN  NNN | 47f67b  N | N  correct    51
nTtNNNNnNNTNNTtN  NNN | 47f685  T | N  incorrect  52
nTtNNnNnNNTNNTtN  NNT | 47f6a9  T | N  incorrect  53
nTtNNnNnnNTNNTtN  NTT | 47f6bd  T | T  correct    53
nTtNNnNnnNTNNTTN  TTT | 47f62c  T | N  incorrect  54
nTtNNnNnnNTnNTTN  TTT | 47f6bd  N | T  incorrect  55
nTtNNnNnnNtnNTTN  TTN | 47f6c9  N | N  correct    55
nTtNNnNnnNtnNTTN  TNN | 446bd6  N | T  incorrect  56
nTnNNnNnnNtnNTTN  NNN | 446bf0  N | N  correct    56
NTnNNnNnnNtnNTTN  NNN | 47f6d9  T | N  incorrect  57
NTnNNnNnnntnNTTN  NNT | 482c78  T | N  incorrect  58
NTnNNnNnnttnNTTN  NTT | 482e39  N | T  incorrect  59
NTnNNnNnntnnNTTN  TTN | 482e43  N | N  correct    59
NTnNNNNnntnnNTTN  TNN | 482e50  N | N  correct    59
NTnNNNNnntnnNTTN  NNN | 482e60  N | N  correct    59
NTnNNNNnntnnNTTN  NNN | 482e6a  N | N  correct    59
NTnNNNNnntNnNTTN  NNN | 482e75  N | N  correct    59
NTnNNNNnntNnNTTN  NNN | 482e88  N | N  correct    59
NTnNNNNnNtNnNTTN  NNN | 482e98  N | N  correct    59
NTnNNNNnNtNnNTTN  NNN | 482ea8  N | N  correct    59
NTnNNNNnNtNnNTTN  NNN | 482eb8  N | N  correct    59
NTnNNNNnNtNnNTTN  NNN | 482ec8  N | N  correct    59
NTnNNNNnNtNnNTTN  NNN | 482ed8  N | N  correct    59
NTnNNNNnNtNnNTTN  NNN | 482ee2  N | N  correct    59
NTNNNNNnNtNnNTTN  NNN | 482c8a  N | N  correct    59
NTNNNNNnNtNnNTTN  NNN | 482c9b  N | N  correct    59
NTNNNNNnNtNNNTTN  NNN | 482cb9  T | T  correct    59
NTNNNNNnNTNNNTTN  NNT | 482cd1  N | N  correct    59
NTNNNNNnNTNNNTTN  NTN | 482cda  N | N  correct    59
NTNNNNNnNTNNNTTN  TNN | 482ce6  N | N  correct    59
NTNNNNNnNTNNNTTN  NNN | 482cf0  T | N  incorrect  60
nTNNNNNnNTNNNTTN  NNT | 4834c0  N | T  incorrect  61
ntNNNNNnNTNNNTTN  NTN | 482cfe  N | N  correct    61
ntNNNNNnNTNNNTTN  TNN | 482d0b  N | N  correct    61
ntNNNNNnNTNNNTTN  NNN | 482d17  N | N  correct    61
ntNNNNNNNTNNNTTN  NNN | 482d32  N | N  correct    61
ntNNNNNNNTNNNTTN  NNN | 482d40  T | N  incorrect  62
ttNNNNNNNTNNNTTN  NNT | 482d4c  T | T  correct    62
ttNNNNNNNTNNNTTN  NTT | 482d58  N | N  correct    62
ttNNNNNNNTNNNTTN  TTN | 482d60  T | N  incorrect  63
ttNNNNnNNTNNNTTN  TNT | 482d84  T | T  correct    63
tTNNNNnNNTNNNTTN  NTT | 482d99  N | N  correct    63
tTNNNNnNNTNNNTTN  TTN | 482da4  T | N  incorrect  64
tTnNNNnNNTNNNTTN  TNT | 48345c  T | T  correct    64
tTnNNNnNNTNNNTTN  NTT | 482e07  N | N  correct    64
tTnNNNnNNTNNNTTN  TTN | 482e12  T | N  incorrect  65
tTnNnNnNNTNNNTTN  TNT | 48317f  T | N  incorrect  66
tTnNnNnNNTnNNTTN  NTT | 4836cc  T | N  incorrect  67
tTnNnNnNNTnNNTTn  TTT | 4831e7  N | T  incorrect  68
